<?xml version="1.0" encoding="UTF-8"?>
<!-- Generated by org.testng.reporters.JUnitReportReporter -->
<testsuite hostname="SourabhMishra" failures="0" tests="15" name="REQRES.reqresClass" time="6.661" errors="0" timestamp="2024-04-23T13:53:11 IST" skipped="14">
  <testcase classname="REQRES.reqresClass" name="delayedDetails" time="6.661"/>
  <system-out/>
  <testcase classname="REQRES.reqresClass" name="listUsers">
    <skipped/>
  </testcase> <!-- listUsers -->
  <system-out/>
  <testcase classname="REQRES.reqresClass" name="listResource">
    <skipped/>
  </testcase> <!-- listResource -->
  <system-out/>
  <testcase classname="REQRES.reqresClass" name="deleteUser">
    <skipped/>
  </testcase> <!-- deleteUser -->
  <system-out/>
  <testcase classname="REQRES.reqresClass" name="createUser">
    <skipped/>
  </testcase> <!-- createUser -->
  <system-out/>
  <testcase classname="REQRES.reqresClass" name="update2User">
    <skipped/>
  </testcase> <!-- update2User -->
  <system-out/>
  <testcase classname="REQRES.reqresClass" name="updateUser">
    <skipped/>
  </testcase> <!-- updateUser -->
  <system-out/>
  <testcase classname="REQRES.reqresClass" name="singleResourceNotFound">
    <skipped/>
  </testcase> <!-- singleResourceNotFound -->
  <system-out/>
  <testcase classname="REQRES.reqresClass" name="singleUser">
    <skipped/>
  </testcase> <!-- singleUser -->
  <system-out/>
  <testcase classname="REQRES.reqresClass" name="loginUnsucess1">
    <skipped/>
  </testcase> <!-- loginUnsucess1 -->
  <system-out/>
  <testcase classname="REQRES.reqresClass" name="singleUserNotFound">
    <skipped/>
  </testcase> <!-- singleUserNotFound -->
  <system-out/>
  <testcase classname="REQRES.reqresClass" name="singleResource">
    <skipped/>
  </testcase> <!-- singleResource -->
  <system-out/>
  <testcase classname="REQRES.reqresClass" name="createNewUserUnsuccess">
    <skipped/>
  </testcase> <!-- createNewUserUnsuccess -->
  <system-out/>
  <testcase classname="REQRES.reqresClass" name="createNewUser">
    <skipped/>
  </testcase> <!-- createNewUser -->
  <system-out/>
  <testcase classname="REQRES.reqresClass" name="loginUser1">
    <skipped/>
  </testcase> <!-- loginUser1 -->
  <system-out/>
</testsuite> <!-- REQRES.reqresClass -->
