<?xml version="1.0" encoding="UTF-8"?>
<!-- Generated by org.testng.reporters.JUnitReportReporter -->
<testsuite hostname="SourabhMishra" failures="0" tests="3" name="REQRES.Day02_Trello" time="13.568" errors="0" timestamp="2024-04-23T23:18:10 IST" skipped="1">
  <testcase classname="REQRES.Day02_Trello" name="createTrello" time="12.326"/>
  <system-out/>
  <testcase classname="REQRES.Day02_Trello" name="GetaBoard" time="1.242"/>
  <system-out/>
  <testcase classname="REQRES.Day02_Trello" name="delete">
    <skipped/>
  </testcase> <!-- delete -->
  <system-out/>
</testsuite> <!-- REQRES.Day02_Trello -->
