<?xml version="1.0" encoding="UTF-8"?>
<!-- Generated by org.testng.reporters.JUnitReportReporter -->
<testsuite hostname="SourabhMishra" failures="0" tests="1" name="github.github" time="4.445" errors="0" timestamp="2024-04-23T17:05:37 IST" skipped="0">
  <testcase classname="github.github" name="createRepo" time="4.445"/>
  <system-out/>
</testsuite> <!-- github.github -->
