<?xml version="1.0" encoding="UTF-8"?>
<!-- Generated by org.testng.reporters.JUnitReportReporter -->
<testsuite hostname="SourabhMishra" failures="0" tests="8" name="REQRES.trello" time="3.162" errors="0" timestamp="2024-04-23T16:40:55 IST" skipped="7">
  <testcase classname="REQRES.trello" name="getAnOrder" time="3.162"/>
  <system-out/>
  <testcase classname="REQRES.trello" name="submitOrder">
    <skipped/>
  </testcase> <!-- submitOrder -->
  <system-out/>
  <testcase classname="REQRES.trello" name="getStatus">
    <skipped/>
  </testcase> <!-- getStatus -->
  <system-out/>
  <testcase classname="REQRES.trello" name="singleBook">
    <skipped/>
  </testcase> <!-- singleBook -->
  <system-out/>
  <testcase classname="REQRES.trello" name="updateOrder">
    <skipped/>
  </testcase> <!-- updateOrder -->
  <system-out/>
  <testcase classname="REQRES.trello" name="getAllOrder">
    <skipped/>
  </testcase> <!-- getAllOrder -->
  <system-out/>
  <testcase classname="REQRES.trello" name="authenticationAPI">
    <skipped/>
  </testcase> <!-- authenticationAPI -->
  <system-out/>
  <testcase classname="REQRES.trello" name="listOfBooks">
    <skipped/>
  </testcase> <!-- listOfBooks -->
  <system-out/>
</testsuite> <!-- REQRES.trello -->
