<?xml version="1.0" encoding="UTF-8"?>
<!-- Generated by org.testng.reporters.JUnitReportReporter -->
<testsuite hostname="SourabhMishra" failures="0" tests="5" name="Dummy_Rest_API.restAPI" time="2.428" errors="0" timestamp="2024-04-23T17:58:34 IST" skipped="4">
  <testcase classname="Dummy_Rest_API.restAPI" name="delete" time="2.428"/>
  <system-out/>
  <testcase classname="Dummy_Rest_API.restAPI" name="create_new_record">
    <skipped/>
  </testcase> <!-- create_new_record -->
  <system-out/>
  <testcase classname="Dummy_Rest_API.restAPI" name="Get_all_employee_data">
    <skipped/>
  </testcase> <!-- Get_all_employee_data -->
  <system-out/>
  <testcase classname="Dummy_Rest_API.restAPI" name="updateEmployeeRecord">
    <skipped/>
  </testcase> <!-- updateEmployeeRecord -->
  <system-out/>
  <testcase classname="Dummy_Rest_API.restAPI" name="Get_single_employee_data">
    <skipped/>
  </testcase> <!-- Get_single_employee_data -->
  <system-out/>
</testsuite> <!-- Dummy_Rest_API.restAPI -->
